<?xml version="1.0" encoding="UTF-8"?>
<!-- Generated by org.testng.reporters.JUnitReportReporter -->
<testsuite hostname="DESKTOP-8B0NV1L" failures="0" tests="3" name="Assesment.FirstAssignment" time="12.572" errors="0" timestamp="2022-01-30T21:53:49 IST" skipped="0">
  <testcase classname="Assesment.FirstAssignment" name="ThirdScenario" time="3.749"/>
  <system-out/>
  <testcase classname="Assesment.FirstAssignment" name="SecondScenario" time="5.095"/>
  <system-out/>
  <testcase classname="Assesment.FirstAssignment" name="FirstScenario" time="3.728"/>
  <system-out/>
</testsuite> <!-- Assesment.FirstAssignment -->
